# JRE version: Java(TM) SE Runtime Environment (17.0.3.1+2) (build 17.0.3.1+2-LTS-6)
# Java VM: Java HotSpot(TM) 64-Bit Server VM (17.0.3.1+2-LTS-6, mixed mode, sharing, tiered, compressed oops, compressed class ptrs, g1 gc, windows-amd64)
GC Precious Log:
 CPUs: 8 total, 8 available
 Memory: 3638M
 Large Page Support: Disabled
 NUMA Support: Disabled
 Compressed Oops: Enabled (32-bit)
 Heap Region Size: 1M
 Heap Min Capacity: 8M
 Heap Initial Capacity: 58M
 Heap Max Capacity: 910M
 Pre-touch: Disabled
 Parallel Workers: 8
 Concurrent Workers: 2
 Concurrent Refinement Workers: 8
 Periodic GC: Disabled
Heap:
 garbage-first heap   total 97280K, used 63754K [0x00000000c7200000, 0x0000000100000000)
  region size 1024K, 22 young (22528K), 4 survivors (4096K)
 Metaspace       used 89436K, committed 90112K, reserved 1130496K
  class space    used 12548K, committed 12864K, reserved 1048576K
GC Heap History (20 events):
Event: 35.694 GC heap before
{Heap before GC invocations=24 (full 0):
 garbage-first heap   total 58368K, used 47534K [0x00000000c7200000, 0x0000000100000000)
  region size 1024K, 18 young (18432K), 3 survivors (3072K)
 Metaspace       used 66458K, committed 67008K, reserved 1114112K
  class space    used 9312K, committed 9600K, reserved 1048576K
}
Event: 35.703 GC heap after
{Heap after GC invocations=25 (full 0):
 garbage-first heap   total 58368K, used 32635K [0x00000000c7200000, 0x0000000100000000)
  region size 1024K, 2 young (2048K), 2 survivors (2048K)
 Metaspace       used 66458K, committed 67008K, reserved 1114112K
  class space    used 9312K, committed 9600K, reserved 1048576K
}
Event: 36.190 GC heap before
{Heap before GC invocations=26 (full 0):
 garbage-first heap   total 63488K, used 46971K [0x00000000c7200000, 0x0000000100000000)
  region size 1024K, 17 young (17408K), 2 survivors (2048K)
 Metaspace       used 68223K, committed 68800K, reserved 1114112K
  class space    used 9691K, committed 9984K, reserved 1048576K
}
Event: 36.202 GC heap after
{Heap after GC invocations=27 (full 0):
 garbage-first heap   total 63488K, used 35198K [0x00000000c7200000, 0x0000000100000000)
  region size 1024K, 3 young (3072K), 3 survivors (3072K)
 Metaspace       used 68223K, committed 68800K, reserved 1114112K
  class space    used 9691K, committed 9984K, reserved 1048576K
}
Event: 37.070 GC heap before
{Heap before GC invocations=27 (full 0):
 garbage-first heap   total 63488K, used 50558K [0x00000000c7200000, 0x0000000100000000)
  region size 1024K, 18 young (18432K), 3 survivors (3072K)
 Metaspace       used 68234K, committed 68800K, reserved 1114112K
  class space    used 9691K, committed 9984K, reserved 1048576K
}
Event: 37.082 GC heap after
{Heap after GC invocations=28 (full 0):
 garbage-first heap   total 63488K, used 40106K [0x00000000c7200000, 0x0000000100000000)
  region size 1024K, 3 young (3072K), 3 survivors (3072K)
 Metaspace       used 68234K, committed 68800K, reserved 1114112K
  class space    used 9691K, committed 9984K, reserved 1048576K
}
Event: 37.274 GC heap before
{Heap before GC invocations=29 (full 0):
 garbage-first heap   total 71680K, used 49322K [0x00000000c7200000, 0x0000000100000000)
  region size 1024K, 12 young (12288K), 3 survivors (3072K)
 Metaspace       used 68235K, committed 68800K, reserved 1114112K
  class space    used 9691K, committed 9984K, reserved 1048576K
}
Event: 37.278 GC heap after
{Heap after GC invocations=30 (full 0):
 garbage-first heap   total 71680K, used 40825K [0x00000000c7200000, 0x0000000100000000)
  region size 1024K, 1 young (1024K), 1 survivors (1024K)
 Metaspace       used 68235K, committed 68800K, reserved 1114112K
  class space    used 9691K, committed 9984K, reserved 1048576K
}
Event: 37.498 GC heap before
{Heap before GC invocations=30 (full 0):
 garbage-first heap   total 71680K, used 56185K [0x00000000c7200000, 0x0000000100000000)
  region size 1024K, 16 young (16384K), 1 survivors (1024K)
 Metaspace       used 68247K, committed 68800K, reserved 1114112K
  class space    used 9691K, committed 9984K, reserved 1048576K
}
Event: 37.503 GC heap after
{Heap after GC invocations=31 (full 0):
 garbage-first heap   total 97280K, used 42998K [0x00000000c7200000, 0x0000000100000000)
  region size 1024K, 2 young (2048K), 2 survivors (2048K)
 Metaspace       used 68247K, committed 68800K, reserved 1114112K
  class space    used 9691K, committed 9984K, reserved 1048576K
}
Event: 38.501 GC heap before
{Heap before GC invocations=32 (full 0):
 garbage-first heap   total 97280K, used 73718K [0x00000000c7200000, 0x0000000100000000)
  region size 1024K, 34 young (34816K), 2 survivors (2048K)
 Metaspace       used 70999K, committed 71616K, reserved 1114112K
  class space    used 10133K, committed 10432K, reserved 1048576K
}
Event: 38.507 GC heap after
{Heap after GC invocations=33 (full 0):
 garbage-first heap   total 97280K, used 43251K [0x00000000c7200000, 0x0000000100000000)
  region size 1024K, 5 young (5120K), 5 survivors (5120K)
 Metaspace       used 70999K, committed 71616K, reserved 1114112K
  class space    used 10133K, committed 10432K, reserved 1048576K
}
Event: 38.535 GC heap before
{Heap before GC invocations=33 (full 0):
 garbage-first heap   total 97280K, used 44275K [0x00000000c7200000, 0x0000000100000000)
  region size 1024K, 6 young (6144K), 5 survivors (5120K)
 Metaspace       used 71163K, committed 71744K, reserved 1114112K
  class space    used 10150K, committed 10432K, reserved 1048576K
}
Event: 38.539 GC heap after
{Heap after GC invocations=34 (full 0):
 garbage-first heap   total 97280K, used 41909K [0x00000000c7200000, 0x0000000100000000)
  region size 1024K, 1 young (1024K), 1 survivors (1024K)
 Metaspace       used 71163K, committed 71744K, reserved 1114112K
  class space    used 10150K, committed 10432K, reserved 1048576K
}
Event: 39.515 GC heap before
{Heap before GC invocations=34 (full 0):
 garbage-first heap   total 97280K, used 73653K [0x00000000c7200000, 0x0000000100000000)
  region size 1024K, 32 young (32768K), 1 survivors (1024K)
 Metaspace       used 73900K, committed 74560K, reserved 1114112K
  class space    used 10547K, committed 10880K, reserved 1048576K
}
Event: 39.519 GC heap after
{Heap after GC invocations=35 (full 0):
 garbage-first heap   total 97280K, used 43443K [0x00000000c7200000, 0x0000000100000000)
  region size 1024K, 3 young (3072K), 3 survivors (3072K)
 Metaspace       used 73900K, committed 74560K, reserved 1114112K
  class space    used 10547K, committed 10880K, reserved 1048576K
}
Event: 40.805 GC heap before
{Heap before GC invocations=35 (full 0):
 garbage-first heap   total 97280K, used 74163K [0x00000000c7200000, 0x0000000100000000)
  region size 1024K, 34 young (34816K), 3 survivors (3072K)
 Metaspace       used 78027K, committed 78656K, reserved 1122304K
  class space    used 11097K, committed 11392K, reserved 1048576K
}
Event: 40.820 GC heap after
{Heap after GC invocations=36 (full 0):
 garbage-first heap   total 97280K, used 45284K [0x00000000c7200000, 0x0000000100000000)
  region size 1024K, 4 young (4096K), 4 survivors (4096K)
 Metaspace       used 78027K, committed 78656K, reserved 1122304K
  class space    used 11097K, committed 11392K, reserved 1048576K
}
Event: 91.307 GC heap before
{Heap before GC invocations=36 (full 0):
 garbage-first heap   total 97280K, used 76004K [0x00000000c7200000, 0x0000000100000000)
  region size 1024K, 35 young (35840K), 4 survivors (4096K)
 Metaspace       used 83580K, committed 84224K, reserved 1122304K
  class space    used 11886K, committed 12224K, reserved 1048576K
}
Event: 91.428 GC heap after
{Heap after GC invocations=37 (full 0):
 garbage-first heap   total 97280K, used 47370K [0x00000000c7200000, 0x0000000100000000)
  region size 1024K, 4 young (4096K), 4 survivors (4096K)
 Metaspace       used 83580K, committed 84224K, reserved 1122304K
  class space    used 11886K, committed 12224K, reserved 1048576K
}

