# JRE version: Java(TM) SE Runtime Environment (17.0.3.1+2) (build 17.0.3.1+2-LTS-6)
# Java VM: Java HotSpot(TM) 64-Bit Server VM (17.0.3.1+2-LTS-6, mixed mode, sharing, tiered, compressed oops, compressed class ptrs, g1 gc, windows-amd64)
GC Precious Log:
 CPUs: 8 total, 8 available
 Memory: 3638M
 Large Page Support: Disabled
 NUMA Support: Disabled
 Compressed Oops: Enabled (32-bit)
 Heap Region Size: 1M
 Heap Min Capacity: 8M
 Heap Initial Capacity: 58M
 Heap Max Capacity: 910M
 Pre-touch: Disabled
 Parallel Workers: 8
 Concurrent Workers: 2
 Concurrent Refinement Workers: 8
 Periodic GC: Disabled
Heap:
 garbage-first heap   total 84992K, used 55772K [0x00000000c7200000, 0x0000000100000000)
  region size 1024K, 19 young (19456K), 5 survivors (5120K)
 Metaspace       used 90075K, committed 90752K, reserved 1130496K
  class space    used 12648K, committed 12992K, reserved 1048576K
GC Heap History (20 events):
Event: 21.904 GC heap before
{Heap before GC invocations=15 (full 0):
 garbage-first heap   total 70656K, used 33723K [0x00000000c7200000, 0x0000000100000000)
  region size 1024K, 10 young (10240K), 3 survivors (3072K)
 Metaspace       used 59593K, committed 60096K, reserved 1105920K
  class space    used 8195K, committed 8448K, reserved 1048576K
}
Event: 21.911 GC heap after
{Heap after GC invocations=16 (full 0):
 garbage-first heap   total 70656K, used 28223K [0x00000000c7200000, 0x0000000100000000)
  region size 1024K, 2 young (2048K), 2 survivors (2048K)
 Metaspace       used 59593K, committed 60096K, reserved 1105920K
  class space    used 8195K, committed 8448K, reserved 1048576K
}
Event: 23.189 GC heap before
{Heap before GC invocations=17 (full 0):
 garbage-first heap   total 70656K, used 56895K [0x00000000c7200000, 0x0000000100000000)
  region size 1024K, 30 young (30720K), 2 survivors (2048K)
 Metaspace       used 63584K, committed 64128K, reserved 1105920K
  class space    used 8779K, committed 9024K, reserved 1048576K
}
Event: 23.196 GC heap after
{Heap after GC invocations=18 (full 0):
 garbage-first heap   total 70656K, used 30477K [0x00000000c7200000, 0x0000000100000000)
  region size 1024K, 4 young (4096K), 4 survivors (4096K)
 Metaspace       used 63584K, committed 64128K, reserved 1105920K
  class space    used 8779K, committed 9024K, reserved 1048576K
}
Event: 23.816 GC heap before
{Heap before GC invocations=18 (full 0):
 garbage-first heap   total 70656K, used 57101K [0x00000000c7200000, 0x0000000100000000)
  region size 1024K, 30 young (30720K), 4 survivors (4096K)
 Metaspace       used 66451K, committed 67072K, reserved 1114112K
  class space    used 9302K, committed 9600K, reserved 1048576K
}
Event: 23.823 GC heap after
{Heap after GC invocations=19 (full 0):
 garbage-first heap   total 70656K, used 32348K [0x00000000c7200000, 0x0000000100000000)
  region size 1024K, 2 young (2048K), 2 survivors (2048K)
 Metaspace       used 66451K, committed 67072K, reserved 1114112K
  class space    used 9302K, committed 9600K, reserved 1048576K
}
Event: 24.170 GC heap before
{Heap before GC invocations=19 (full 0):
 garbage-first heap   total 70656K, used 57948K [0x00000000c7200000, 0x0000000100000000)
  region size 1024K, 27 young (27648K), 2 survivors (2048K)
 Metaspace       used 68292K, committed 68864K, reserved 1114112K
  class space    used 9686K, committed 9984K, reserved 1048576K
}
Event: 24.174 GC heap after
{Heap after GC invocations=20 (full 0):
 garbage-first heap   total 70656K, used 33772K [0x00000000c7200000, 0x0000000100000000)
  region size 1024K, 4 young (4096K), 4 survivors (4096K)
 Metaspace       used 68292K, committed 68864K, reserved 1114112K
  class space    used 9686K, committed 9984K, reserved 1048576K
}
Event: 24.319 GC heap before
{Heap before GC invocations=20 (full 0):
 garbage-first heap   total 70656K, used 57324K [0x00000000c7200000, 0x0000000100000000)
  region size 1024K, 27 young (27648K), 4 survivors (4096K)
 Metaspace       used 68302K, committed 68928K, reserved 1114112K
  class space    used 9686K, committed 9984K, reserved 1048576K
}
Event: 24.328 GC heap after
{Heap after GC invocations=21 (full 0):
 garbage-first heap   total 70656K, used 33809K [0x00000000c7200000, 0x0000000100000000)
  region size 1024K, 2 young (2048K), 2 survivors (2048K)
 Metaspace       used 68302K, committed 68928K, reserved 1114112K
  class space    used 9686K, committed 9984K, reserved 1048576K
}
Event: 24.464 GC heap before
{Heap before GC invocations=21 (full 0):
 garbage-first heap   total 70656K, used 58385K [0x00000000c7200000, 0x0000000100000000)
  region size 1024K, 26 young (26624K), 2 survivors (2048K)
 Metaspace       used 68317K, committed 68928K, reserved 1114112K
  class space    used 9686K, committed 9984K, reserved 1048576K
}
Event: 24.468 GC heap after
{Heap after GC invocations=22 (full 0):
 garbage-first heap   total 84992K, used 35018K [0x00000000c7200000, 0x0000000100000000)
  region size 1024K, 3 young (3072K), 3 survivors (3072K)
 Metaspace       used 68317K, committed 68928K, reserved 1114112K
  class space    used 9686K, committed 9984K, reserved 1048576K
}
Event: 25.412 GC heap before
{Heap before GC invocations=23 (full 0):
 garbage-first heap   total 84992K, used 69834K [0x00000000c7200000, 0x0000000100000000)
  region size 1024K, 37 young (37888K), 3 survivors (3072K)
 Metaspace       used 71777K, committed 72384K, reserved 1114112K
  class space    used 10247K, committed 10560K, reserved 1048576K
}
Event: 25.422 GC heap after
{Heap after GC invocations=24 (full 0):
 garbage-first heap   total 84992K, used 36260K [0x00000000c7200000, 0x0000000100000000)
  region size 1024K, 3 young (3072K), 3 survivors (3072K)
 Metaspace       used 71777K, committed 72384K, reserved 1114112K
  class space    used 10247K, committed 10560K, reserved 1048576K
}
Event: 26.319 GC heap before
{Heap before GC invocations=24 (full 0):
 garbage-first heap   total 84992K, used 69028K [0x00000000c7200000, 0x0000000100000000)
  region size 1024K, 35 young (35840K), 3 survivors (3072K)
 Metaspace       used 74694K, committed 75328K, reserved 1114112K
  class space    used 10652K, committed 10944K, reserved 1048576K
}
Event: 26.327 GC heap after
{Heap after GC invocations=25 (full 0):
 garbage-first heap   total 84992K, used 38452K [0x00000000c7200000, 0x0000000100000000)
  region size 1024K, 5 young (5120K), 5 survivors (5120K)
 Metaspace       used 74694K, committed 75328K, reserved 1114112K
  class space    used 10652K, committed 10944K, reserved 1048576K
}
Event: 80.875 GC heap before
{Heap before GC invocations=25 (full 0):
 garbage-first heap   total 84992K, used 67124K [0x00000000c7200000, 0x0000000100000000)
  region size 1024K, 34 young (34816K), 5 survivors (5120K)
 Metaspace       used 78966K, committed 79552K, reserved 1122304K
  class space    used 11227K, committed 11520K, reserved 1048576K
}
Event: 80.976 GC heap after
{Heap after GC invocations=26 (full 0):
 garbage-first heap   total 84992K, used 40082K [0x00000000c7200000, 0x0000000100000000)
  region size 1024K, 5 young (5120K), 5 survivors (5120K)
 Metaspace       used 78966K, committed 79552K, reserved 1122304K
  class space    used 11227K, committed 11520K, reserved 1048576K
}
Event: 97.603 GC heap before
{Heap before GC invocations=26 (full 0):
 garbage-first heap   total 84992K, used 67730K [0x00000000c7200000, 0x0000000100000000)
  region size 1024K, 33 young (33792K), 5 survivors (5120K)
 Metaspace       used 85824K, committed 86528K, reserved 1130496K
  class space    used 12140K, committed 12480K, reserved 1048576K
}
Event: 97.620 GC heap after
{Heap after GC invocations=27 (full 0):
 garbage-first heap   total 84992K, used 42460K [0x00000000c7200000, 0x0000000100000000)
  region size 1024K, 5 young (5120K), 5 survivors (5120K)
 Metaspace       used 85824K, committed 86528K, reserved 1130496K
  class space    used 12140K, committed 12480K, reserved 1048576K
}

